Using pre-set license
Built from '2020.3/staging' branch; Version is '2020.3.6f1 (338bb68529b2) revision 3378102'; Using compiler version '192528614'; Build Type 'Release'
OS: 'Windows 10 Home; OS build 19041.928; Version 2004; 64bit' Language: 'en' Physical Memory: 7967 MB
BatchMode: 1, IsHumanControllingUs: 0, StartBugReporterOnCrash: 0, Is64bit: 1, IsPro: 0

 COMMAND LINE ARGUMENTS:
C:\Program Files\Unity\Hub\Editor\2020.3.6f1\Editor\Unity.exe
-adb2
-batchMode
-noUpm
-name
AssetImportWorker0
-projectPath
C:/Users/kidco/Desktop/unity3d projects/repos/First Steps/CelticHistory
-logFile
Logs/AssetImportWorker0.log
-srvPort
56269
Successfully changed project path to: C:/Users/kidco/Desktop/unity3d projects/repos/First Steps/CelticHistory
C:/Users/kidco/Desktop/unity3d projects/repos/First Steps/CelticHistory
Using Asset Import Pipeline V2.
Refreshing native plugins compatible for Editor in 43.19 ms, found 0 plugins.
Preloading 0 native plugins for Editor in 0.00 ms.
Initialize engine version: 2020.3.6f1 (338bb68529b2)
[Subsystems] Discovering subsystems at path C:/Program Files/Unity/Hub/Editor/2020.3.6f1/Editor/Data/Resources/UnitySubsystems
[Subsystems] Discovering subsystems at path C:/Users/kidco/Desktop/unity3d projects/repos/First Steps/CelticHistory/Assets
GfxDevice: creating device client; threaded=0
Direct3D:
    Version:  Direct3D 11.0 [level 11.1]
    Renderer: Intel(R) Iris(R) Plus Graphics (ID=0x8a52)
    Vendor:   
    VRAM:     3983 MB
    Driver:   27.20.100.8783
Initialize mono
Mono path[0] = 'C:/Program Files/Unity/Hub/Editor/2020.3.6f1/Editor/Data/Managed'
Mono path[1] = 'C:/Program Files/Unity/Hub/Editor/2020.3.6f1/Editor/Data/MonoBleedingEdge/lib/mono/unityjit'
Mono config path = 'C:/Program Files/Unity/Hub/Editor/2020.3.6f1/Editor/Data/MonoBleedingEdge/etc'
Using monoOptions --debugger-agent=transport=dt_socket,embedding=1,server=y,suspend=n,address=127.0.0.1:56464
Begin MonoManager ReloadAssembly
Registering precompiled unity dll's ...
Register platform support module: C:/Program Files/Unity/Hub/Editor/2020.3.6f1/Editor/Data/PlaybackEngines/WebGLSupport/UnityEditor.WebGL.Extensions.dll
Register platform support module: C:/Program Files/Unity/Hub/Editor/2020.3.6f1/Editor/Data/PlaybackEngines/WindowsStandaloneSupport/UnityEditor.WindowsStandalone.Extensions.dll
Registered in 0.002177 seconds.
Native extension for WindowsStandalone target not found
Native extension for WebGL target not found
Refreshing native plugins compatible for Editor in 54.08 ms, found 0 plugins.
Preloading 0 native plugins for Editor in 0.00 ms.
Mono: successfully reloaded assembly
- Completed reload, in  2.128 seconds
Platform modules already initialized, skipping
Registering precompiled user dll's ...
Registered in 0.001166 seconds.
Begin MonoManager ReloadAssembly
Native extension for WindowsStandalone target not found
Native extension for WebGL target not found
Refreshing native plugins compatible for Editor in 0.73 ms, found 0 plugins.
Preloading 0 native plugins for Editor in 0.00 ms.
Mono: successfully reloaded assembly
- Completed reload, in  0.967 seconds
Platform modules already initialized, skipping
========================================================================
Worker process is ready to serve import requests
Launched and connected shader compiler UnityShaderCompiler.exe after 0.07 seconds
Refreshing native plugins compatible for Editor in 0.58 ms, found 0 plugins.
Preloading 0 native plugins for Editor in 0.00 ms.
Unloading 1611 Unused Serialized files (Serialized files now loaded: 0)
System memory in use before: 124.9 MB.
System memory in use after: 124.1 MB.

Unloading 27 unused Assets to reduce memory usage. Loaded Objects now: 2070.
Total: 3.699400 ms (FindLiveObjects: 0.299700 ms CreateObjectMapping: 0.140700 ms MarkObjects: 2.323700 ms  DeleteObjects: 0.932300 ms)

========================================================================
Received Import Request.
  path: Assets/NewAudioMixer.mixer
  artifactKey: Guid(320e5f2c938d9e341a11c5a6efdc2ab5) Importer(815301076,1909f56bfc062723c751e8b465ee728b)
Start importing Assets/NewAudioMixer.mixer using Guid(320e5f2c938d9e341a11c5a6efdc2ab5) Importer(815301076,1909f56bfc062723c751e8b465ee728b)  -> (artifact id: '734bc60f4bab837facc1bc8189dddcd2') in 0.057739 seconds
  Import took 0.062141 seconds .

========================================================================
Received Prepare
Registering precompiled user dll's ...
Registered in 0.001633 seconds.
Begin MonoManager ReloadAssembly
Native extension for WindowsStandalone target not found
Native extension for WebGL target not found
Refreshing native plugins compatible for Editor in 0.57 ms, found 0 plugins.
Preloading 0 native plugins for Editor in 0.00 ms.
Mono: successfully reloaded assembly
- Completed reload, in  1.214 seconds
Platform modules already initialized, skipping
Refreshing native plugins compatible for Editor in 0.37 ms, found 0 plugins.
Preloading 0 native plugins for Editor in 0.00 ms.
Unloading 1513 Unused Serialized files (Serialized files now loaded: 0)
System memory in use before: 115.8 MB.
System memory in use after: 115.0 MB.

Unloading 18 unused Assets to reduce memory usage. Loaded Objects now: 2073.
Total: 2.231400 ms (FindLiveObjects: 0.152300 ms CreateObjectMapping: 0.041900 ms MarkObjects: 1.505100 ms  DeleteObjects: 0.530400 ms)

========================================================================
Received Import Request.
  Time since last request: 269.355334 seconds.
  path: Assets/NewAudioMixer.mixer
  artifactKey: Guid(320e5f2c938d9e341a11c5a6efdc2ab5) Importer(815301076,1909f56bfc062723c751e8b465ee728b)
Start importing Assets/NewAudioMixer.mixer using Guid(320e5f2c938d9e341a11c5a6efdc2ab5) Importer(815301076,1909f56bfc062723c751e8b465ee728b)  -> (artifact id: '148d0d49599ccdb31140db819a0fa338') in 0.015024 seconds
  Import took 0.019017 seconds .

========================================================================
Received Import Request.
  Time since last request: 5.108484 seconds.
  path: Assets/NewAudioMixer.mixer
  artifactKey: Guid(320e5f2c938d9e341a11c5a6efdc2ab5) Importer(815301076,1909f56bfc062723c751e8b465ee728b)
Start importing Assets/NewAudioMixer.mixer using Guid(320e5f2c938d9e341a11c5a6efdc2ab5) Importer(815301076,1909f56bfc062723c751e8b465ee728b)  -> (artifact id: '998235462606e11a98af812d10cf32d9') in 0.006013 seconds
  Import took 0.012488 seconds .

========================================================================
Received Prepare
Registering precompiled user dll's ...
Registered in 0.002292 seconds.
Begin MonoManager ReloadAssembly
Native extension for WindowsStandalone target not found
Native extension for WebGL target not found
Refreshing native plugins compatible for Editor in 0.35 ms, found 0 plugins.
Preloading 0 native plugins for Editor in 0.00 ms.
Mono: successfully reloaded assembly
- Completed reload, in  1.094 seconds
Platform modules already initialized, skipping
Refreshing native plugins compatible for Editor in 0.70 ms, found 0 plugins.
Preloading 0 native plugins for Editor in 0.00 ms.
Unloading 1513 Unused Serialized files (Serialized files now loaded: 0)
System memory in use before: 115.5 MB.
System memory in use after: 114.7 MB.

Unloading 18 unused Assets to reduce memory usage. Loaded Objects now: 2076.
Total: 2.176300 ms (FindLiveObjects: 0.164700 ms CreateObjectMapping: 0.046200 ms MarkObjects: 1.349400 ms  DeleteObjects: 0.614000 ms)

========================================================================
Received Prepare
Registering precompiled user dll's ...
Registered in 0.002233 seconds.
Begin MonoManager ReloadAssembly
Native extension for WindowsStandalone target not found
Native extension for WebGL target not found
Refreshing native plugins compatible for Editor in 0.41 ms, found 0 plugins.
Preloading 0 native plugins for Editor in 0.00 ms.
Mono: successfully reloaded assembly
- Completed reload, in  1.280 seconds
Platform modules already initialized, skipping
Refreshing native plugins compatible for Editor in 0.41 ms, found 0 plugins.
Preloading 0 native plugins for Editor in 0.00 ms.
Unloading 1513 Unused Serialized files (Serialized files now loaded: 0)
System memory in use before: 115.5 MB.
System memory in use after: 114.7 MB.

Unloading 18 unused Assets to reduce memory usage. Loaded Objects now: 2079.
Total: 3.778500 ms (FindLiveObjects: 0.386900 ms CreateObjectMapping: 0.070700 ms MarkObjects: 2.499200 ms  DeleteObjects: 0.815800 ms)

========================================================================
Received Prepare
Registering precompiled user dll's ...
Registered in 0.001142 seconds.
Begin MonoManager ReloadAssembly
Native extension for WindowsStandalone target not found
Native extension for WebGL target not found
Refreshing native plugins compatible for Editor in 0.66 ms, found 0 plugins.
Preloading 0 native plugins for Editor in 0.00 ms.
Mono: successfully reloaded assembly
- Completed reload, in  1.078 seconds
Platform modules already initialized, skipping
Refreshing native plugins compatible for Editor in 1.06 ms, found 0 plugins.
Preloading 0 native plugins for Editor in 0.00 ms.
Unloading 1513 Unused Serialized files (Serialized files now loaded: 0)
System memory in use before: 115.6 MB.
System memory in use after: 114.7 MB.

Unloading 18 unused Assets to reduce memory usage. Loaded Objects now: 2082.
Total: 2.881800 ms (FindLiveObjects: 0.199900 ms CreateObjectMapping: 0.063100 ms MarkObjects: 1.833700 ms  DeleteObjects: 0.783100 ms)

========================================================================
Received Prepare
Registering precompiled user dll's ...
Registered in 0.001159 seconds.
Begin MonoManager ReloadAssembly
Native extension for WindowsStandalone target not found
Native extension for WebGL target not found
Refreshing native plugins compatible for Editor in 1.63 ms, found 0 plugins.
Preloading 0 native plugins for Editor in 0.00 ms.
Mono: successfully reloaded assembly
- Completed reload, in  1.054 seconds
Platform modules already initialized, skipping
Refreshing native plugins compatible for Editor in 0.43 ms, found 0 plugins.
Preloading 0 native plugins for Editor in 0.00 ms.
Unloading 1513 Unused Serialized files (Serialized files now loaded: 0)
System memory in use before: 115.5 MB.
System memory in use after: 114.7 MB.

Unloading 18 unused Assets to reduce memory usage. Loaded Objects now: 2085.
Total: 3.430900 ms (FindLiveObjects: 0.238900 ms CreateObjectMapping: 0.077400 ms MarkObjects: 2.357900 ms  DeleteObjects: 0.754500 ms)

========================================================================
Received Prepare
Registering precompiled user dll's ...
Registered in 0.002102 seconds.
Begin MonoManager ReloadAssembly
Native extension for WindowsStandalone target not found
Native extension for WebGL target not found
Refreshing native plugins compatible for Editor in 0.47 ms, found 0 plugins.
Preloading 0 native plugins for Editor in 0.00 ms.
Mono: successfully reloaded assembly
- Completed reload, in  1.053 seconds
Platform modules already initialized, skipping
Refreshing native plugins compatible for Editor in 0.38 ms, found 0 plugins.
Preloading 0 native plugins for Editor in 0.00 ms.
Unloading 1513 Unused Serialized files (Serialized files now loaded: 0)
System memory in use before: 115.6 MB.
System memory in use after: 114.7 MB.

Unloading 18 unused Assets to reduce memory usage. Loaded Objects now: 2088.
Total: 2.274500 ms (FindLiveObjects: 0.173700 ms CreateObjectMapping: 0.045800 ms MarkObjects: 1.431000 ms  DeleteObjects: 0.622100 ms)

========================================================================
Received Prepare
Registering precompiled user dll's ...
Registered in 0.001942 seconds.
Begin MonoManager ReloadAssembly
Native extension for WindowsStandalone target not found
Native extension for WebGL target not found
Refreshing native plugins compatible for Editor in 0.64 ms, found 0 plugins.
Preloading 0 native plugins for Editor in 0.00 ms.
Mono: successfully reloaded assembly
- Completed reload, in  1.079 seconds
Platform modules already initialized, skipping
Refreshing native plugins compatible for Editor in 0.50 ms, found 0 plugins.
Preloading 0 native plugins for Editor in 0.00 ms.
Unloading 1513 Unused Serialized files (Serialized files now loaded: 0)
System memory in use before: 115.6 MB.
System memory in use after: 114.7 MB.

Unloading 18 unused Assets to reduce memory usage. Loaded Objects now: 2091.
Total: 2.540500 ms (FindLiveObjects: 0.264100 ms CreateObjectMapping: 0.132700 ms MarkObjects: 1.496800 ms  DeleteObjects: 0.643900 ms)

========================================================================
Received Prepare
Registering precompiled user dll's ...
Registered in 0.001662 seconds.
Begin MonoManager ReloadAssembly
Native extension for WindowsStandalone target not found
Native extension for WebGL target not found
Refreshing native plugins compatible for Editor in 0.56 ms, found 0 plugins.
Preloading 0 native plugins for Editor in 0.00 ms.
Mono: successfully reloaded assembly
- Completed reload, in  1.259 seconds
Platform modules already initialized, skipping
Refreshing native plugins compatible for Editor in 0.36 ms, found 0 plugins.
Preloading 0 native plugins for Editor in 0.00 ms.
Unloading 1513 Unused Serialized files (Serialized files now loaded: 0)
System memory in use before: 115.6 MB.
System memory in use after: 114.8 MB.

Unloading 18 unused Assets to reduce memory usage. Loaded Objects now: 2094.
Total: 3.469200 ms (FindLiveObjects: 0.296300 ms CreateObjectMapping: 0.084700 ms MarkObjects: 2.308800 ms  DeleteObjects: 0.777000 ms)

========================================================================
Received Import Request.
  Time since last request: 1281.423503 seconds.
  path: Assets/Fantasy Adventure Environment/Source/Backdrop/Materials/FAE_SkyboxRender_8k.png
  artifactKey: Guid(a28bb56bb27d9f6429a638fcdeeed483) Importer(815301076,1909f56bfc062723c751e8b465ee728b)
Start importing Assets/Fantasy Adventure Environment/Source/Backdrop/Materials/FAE_SkyboxRender_8k.png using Guid(a28bb56bb27d9f6429a638fcdeeed483) Importer(815301076,1909f56bfc062723c751e8b465ee728b)  -> (artifact id: '2dd7fab6a3fc4fad85fe90899929584a') in 0.283398 seconds
  Import took 0.292489 seconds .

========================================================================
Received Import Request.
  Time since last request: 174.165850 seconds.
  path: Assets/asset_ghosts/asset_ghosts/materials/mat_banshee.mat
  artifactKey: Guid(1f76758179df66e4080ef9eb6a0980db) Importer(815301076,1909f56bfc062723c751e8b465ee728b)
Start importing Assets/asset_ghosts/asset_ghosts/materials/mat_banshee.mat using Guid(1f76758179df66e4080ef9eb6a0980db) Importer(815301076,1909f56bfc062723c751e8b465ee728b)  -> (artifact id: 'e7dbb15d43557f79f2482161f0b85dbc') in 0.535606 seconds
  Import took 0.541288 seconds .

========================================================================
Received Import Request.
  Time since last request: 0.000378 seconds.
  path: Assets/asset_ghosts/asset_ghosts/materials/mat_dust_storm.mat
  artifactKey: Guid(7911795df27dd464190eed77dda90191) Importer(815301076,1909f56bfc062723c751e8b465ee728b)
Start importing Assets/asset_ghosts/asset_ghosts/materials/mat_dust_storm.mat using Guid(7911795df27dd464190eed77dda90191) Importer(815301076,1909f56bfc062723c751e8b465ee728b)  -> (artifact id: '1f14f35a7bb7d34e67eca192a89329c5') in 0.047049 seconds
  Import took 0.052620 seconds .

========================================================================
Received Import Request.
  Time since last request: 0.000295 seconds.
  path: Assets/asset_ghosts/asset_ghosts/materials/mat_ghost.mat
  artifactKey: Guid(cdde7b08a32c79746bb007df265dbe03) Importer(815301076,1909f56bfc062723c751e8b465ee728b)
Start importing Assets/asset_ghosts/asset_ghosts/materials/mat_ghost.mat using Guid(cdde7b08a32c79746bb007df265dbe03) Importer(815301076,1909f56bfc062723c751e8b465ee728b)  -> (artifact id: '9e10fb6a74c27db516b0566ee5fd3eef') in 0.114669 seconds
  Import took 0.120822 seconds .

========================================================================
Received Import Request.
  Time since last request: 0.000385 seconds.
  path: Assets/asset_ghosts/asset_ghosts/materials/mat_putrid_ghost.mat
  artifactKey: Guid(fe3ab50a77e7def4d86279cfe0301904) Importer(815301076,1909f56bfc062723c751e8b465ee728b)
Start importing Assets/asset_ghosts/asset_ghosts/materials/mat_putrid_ghost.mat using Guid(fe3ab50a77e7def4d86279cfe0301904) Importer(815301076,1909f56bfc062723c751e8b465ee728b)  -> (artifact id: '093783cb64abdcb5e732994245c444f9') in 0.065809 seconds
  Import took 0.072426 seconds .

========================================================================
Received Import Request.
  Time since last request: 0.000308 seconds.
  path: Assets/asset_ghosts/asset_ghosts/materials/mat_putrid_banshee.mat
  artifactKey: Guid(45361766c7d935a4fa48e1bccfc24570) Importer(815301076,1909f56bfc062723c751e8b465ee728b)
Start importing Assets/asset_ghosts/asset_ghosts/materials/mat_putrid_banshee.mat using Guid(45361766c7d935a4fa48e1bccfc24570) Importer(815301076,1909f56bfc062723c751e8b465ee728b)  -> (artifact id: '8023de609ecfd3e348c99ae6a1ebb0b7') in 0.064899 seconds
  Import took 0.069374 seconds .

========================================================================
Received Prepare
Registering precompiled user dll's ...
Registered in 0.002113 seconds.
Begin MonoManager ReloadAssembly
Native extension for WindowsStandalone target not found
Native extension for WebGL target not found
Refreshing native plugins compatible for Editor in 0.48 ms, found 0 plugins.
Preloading 0 native plugins for Editor in 0.00 ms.
Mono: successfully reloaded assembly
- Completed reload, in  1.304 seconds
Platform modules already initialized, skipping
Refreshing native plugins compatible for Editor in 0.41 ms, found 0 plugins.
Preloading 0 native plugins for Editor in 0.00 ms.
Unloading 1513 Unused Serialized files (Serialized files now loaded: 0)
System memory in use before: 119.0 MB.
System memory in use after: 118.1 MB.

Unloading 18 unused Assets to reduce memory usage. Loaded Objects now: 2139.
Total: 2.225900 ms (FindLiveObjects: 0.161000 ms CreateObjectMapping: 0.043300 ms MarkObjects: 1.497300 ms  DeleteObjects: 0.523100 ms)

========================================================================
Received Import Request.
  Time since last request: 362.931699 seconds.
  path: Assets/asset_ghosts/asset_ghosts/prefabs/preab_putrid_banshee.prefab
  artifactKey: Guid(5315646a19c5de9418c6a581df61ee73) Importer(815301076,1909f56bfc062723c751e8b465ee728b)
Start importing Assets/asset_ghosts/asset_ghosts/prefabs/preab_putrid_banshee.prefab using Guid(5315646a19c5de9418c6a581df61ee73) Importer(815301076,1909f56bfc062723c751e8b465ee728b)  -> (artifact id: 'a4079b7ca0278a9d5c1f4951ade50ac8') in 0.309798 seconds
  Import took 0.318839 seconds .

========================================================================
Received Import Request.
  Time since last request: 0.000486 seconds.
  path: Assets/asset_ghosts/asset_ghosts/prefabs/prefab_banshee.prefab
  artifactKey: Guid(a8d40872bb583354dbd2d9596d333b4e) Importer(815301076,1909f56bfc062723c751e8b465ee728b)
Start importing Assets/asset_ghosts/asset_ghosts/prefabs/prefab_banshee.prefab using Guid(a8d40872bb583354dbd2d9596d333b4e) Importer(815301076,1909f56bfc062723c751e8b465ee728b)  -> (artifact id: '1cf159dc0af5f42a59b350b3e10b19ee') in 0.124001 seconds
  Import took 0.131295 seconds .

========================================================================
Received Import Request.
  Time since last request: 0.000272 seconds.
  path: Assets/asset_ghosts/asset_ghosts/prefabs/prefab_putrid_ghost.prefab
  artifactKey: Guid(1b3331b1e19ac9f478b1ed524952704e) Importer(815301076,1909f56bfc062723c751e8b465ee728b)
Start importing Assets/asset_ghosts/asset_ghosts/prefabs/prefab_putrid_ghost.prefab using Guid(1b3331b1e19ac9f478b1ed524952704e) Importer(815301076,1909f56bfc062723c751e8b465ee728b)  -> (artifact id: '09c7a72f96b3a7fc46df52c8161b1cce') in 0.105527 seconds
  Import took 0.113828 seconds .

========================================================================
Received Import Request.
  Time since last request: 0.000324 seconds.
  path: Assets/asset_ghosts/asset_ghosts/prefabs/prefab_ghost.prefab
  artifactKey: Guid(6c0a00ab0eed2fe41b4ae5ef693da1c9) Importer(815301076,1909f56bfc062723c751e8b465ee728b)
Start importing Assets/asset_ghosts/asset_ghosts/prefabs/prefab_ghost.prefab using Guid(6c0a00ab0eed2fe41b4ae5ef693da1c9) Importer(815301076,1909f56bfc062723c751e8b465ee728b)  -> (artifact id: 'fe32da50ed5a18cfe38b52356f0d75a8') in 0.126986 seconds
  Import took 0.140668 seconds .

========================================================================
Received Prepare
Registering precompiled user dll's ...
Registered in 0.001203 seconds.
Begin MonoManager ReloadAssembly
Native extension for WindowsStandalone target not found
Native extension for WebGL target not found
Refreshing native plugins compatible for Editor in 0.63 ms, found 0 plugins.
Preloading 0 native plugins for Editor in 0.00 ms.
Mono: successfully reloaded assembly
- Completed reload, in  1.172 seconds
Platform modules already initialized, skipping
Refreshing native plugins compatible for Editor in 0.39 ms, found 0 plugins.
Preloading 0 native plugins for Editor in 0.00 ms.
Unloading 1513 Unused Serialized files (Serialized files now loaded: 0)
System memory in use before: 132.7 MB.
System memory in use after: 131.9 MB.

Unloading 18 unused Assets to reduce memory usage. Loaded Objects now: 2144.
Total: 2.698700 ms (FindLiveObjects: 0.198000 ms CreateObjectMapping: 0.056500 ms MarkObjects: 1.808100 ms  DeleteObjects: 0.634100 ms)

========================================================================
Received Prepare
Registering precompiled user dll's ...
Registered in 0.001995 seconds.
Begin MonoManager ReloadAssembly
Native extension for WindowsStandalone target not found
Native extension for WebGL target not found
Refreshing native plugins compatible for Editor in 0.50 ms, found 0 plugins.
Preloading 0 native plugins for Editor in 0.00 ms.
Mono: successfully reloaded assembly
- Completed reload, in  1.058 seconds
Platform modules already initialized, skipping
Refreshing native plugins compatible for Editor in 0.38 ms, found 0 plugins.
Preloading 0 native plugins for Editor in 0.00 ms.
Unloading 1548 Unused Serialized files (Serialized files now loaded: 0)
System memory in use before: 133.6 MB.
System memory in use after: 132.8 MB.

Unloading 18 unused Assets to reduce memory usage. Loaded Objects now: 2182.
Total: 2.236500 ms (FindLiveObjects: 0.164800 ms CreateObjectMapping: 0.045000 ms MarkObjects: 1.428600 ms  DeleteObjects: 0.596100 ms)

========================================================================
Received Import Request.
  Time since last request: 954.830362 seconds.
  path: Assets/Scripts/NavTest.cs
  artifactKey: Guid(2d792dcfff6d6344781e87f9ef4b1efc) Importer(815301076,1909f56bfc062723c751e8b465ee728b)
Start importing Assets/Scripts/NavTest.cs using Guid(2d792dcfff6d6344781e87f9ef4b1efc) Importer(815301076,1909f56bfc062723c751e8b465ee728b)  -> (artifact id: '102288840ad635111235c5ac52564a76') in 0.025108 seconds
  Import took 0.030814 seconds .

========================================================================
Received Import Request.
  Time since last request: 0.002557 seconds.
  path: Assets/Scripts/NavTest.cs
  artifactKey: Guid(2d792dcfff6d6344781e87f9ef4b1efc) Importer(815301076,1909f56bfc062723c751e8b465ee728b)
Start importing Assets/Scripts/NavTest.cs using Guid(2d792dcfff6d6344781e87f9ef4b1efc) Importer(815301076,1909f56bfc062723c751e8b465ee728b)  -> (artifact id: '102288840ad635111235c5ac52564a76') in 0.010450 seconds
  Import took 0.015466 seconds .

========================================================================
Received Prepare
Registering precompiled user dll's ...
Registered in 0.001664 seconds.
Begin MonoManager ReloadAssembly
Native extension for WindowsStandalone target not found
Native extension for WebGL target not found
Refreshing native plugins compatible for Editor in 0.88 ms, found 0 plugins.
Preloading 0 native plugins for Editor in 0.00 ms.
Mono: successfully reloaded assembly
- Completed reload, in  1.274 seconds
Platform modules already initialized, skipping
Refreshing native plugins compatible for Editor in 0.59 ms, found 0 plugins.
Preloading 0 native plugins for Editor in 0.00 ms.
Unloading 1549 Unused Serialized files (Serialized files now loaded: 0)
System memory in use before: 133.7 MB.
System memory in use after: 132.9 MB.

Unloading 18 unused Assets to reduce memory usage. Loaded Objects now: 2186.
Total: 3.748800 ms (FindLiveObjects: 0.295000 ms CreateObjectMapping: 0.090800 ms MarkObjects: 2.372800 ms  DeleteObjects: 0.987800 ms)

========================================================================
Received Prepare
Registering precompiled user dll's ...
Registered in 0.002044 seconds.
Begin MonoManager ReloadAssembly
Native extension for WindowsStandalone target not found
Native extension for WebGL target not found
Refreshing native plugins compatible for Editor in 0.72 ms, found 0 plugins.
Preloading 0 native plugins for Editor in 0.00 ms.
Mono: successfully reloaded assembly
- Completed reload, in  1.927 seconds
Platform modules already initialized, skipping
Refreshing native plugins compatible for Editor in 0.70 ms, found 0 plugins.
Preloading 0 native plugins for Editor in 0.00 ms.
Unloading 1549 Unused Serialized files (Serialized files now loaded: 0)
System memory in use before: 133.7 MB.
System memory in use after: 132.9 MB.

Unloading 18 unused Assets to reduce memory usage. Loaded Objects now: 2189.
Total: 3.761200 ms (FindLiveObjects: 0.357600 ms CreateObjectMapping: 0.119700 ms MarkObjects: 2.167300 ms  DeleteObjects: 1.113700 ms)

========================================================================
Received Import Request.
  Time since last request: 172.067182 seconds.
  path: Assets/Scripts/NavTest.cs
  artifactKey: Guid(2d792dcfff6d6344781e87f9ef4b1efc) Importer(815301076,1909f56bfc062723c751e8b465ee728b)
Start importing Assets/Scripts/NavTest.cs using Guid(2d792dcfff6d6344781e87f9ef4b1efc) Importer(815301076,1909f56bfc062723c751e8b465ee728b)  -> (artifact id: '7f2b35daa69b5bb1d082d29c3ca14e15') in 0.007307 seconds
  Import took 0.013059 seconds .

========================================================================
Received Prepare
Registering precompiled user dll's ...
Registered in 0.002588 seconds.
Begin MonoManager ReloadAssembly
Native extension for WindowsStandalone target not found
Native extension for WebGL target not found
Refreshing native plugins compatible for Editor in 0.41 ms, found 0 plugins.
Preloading 0 native plugins for Editor in 0.00 ms.
Mono: successfully reloaded assembly
- Completed reload, in  1.319 seconds
Platform modules already initialized, skipping
Refreshing native plugins compatible for Editor in 0.59 ms, found 0 plugins.
Preloading 0 native plugins for Editor in 0.00 ms.
Unloading 1549 Unused Serialized files (Serialized files now loaded: 0)
System memory in use before: 133.7 MB.
System memory in use after: 132.9 MB.

Unloading 18 unused Assets to reduce memory usage. Loaded Objects now: 2192.
Total: 4.484800 ms (FindLiveObjects: 0.169300 ms CreateObjectMapping: 0.047700 ms MarkObjects: 3.029800 ms  DeleteObjects: 1.235000 ms)

AssetImportWorkerClient::OnTransportError - code=2 error=End of file
