Using pre-set license
Built from '2020.3/staging' branch; Version is '2020.3.6f1 (338bb68529b2) revision 3378102'; Using compiler version '192528614'; Build Type 'Release'
OS: 'Windows 10 Home; OS build 19041.985; Version 2004; 64bit' Language: 'en' Physical Memory: 7967 MB
BatchMode: 1, IsHumanControllingUs: 0, StartBugReporterOnCrash: 0, Is64bit: 1, IsPro: 0

 COMMAND LINE ARGUMENTS:
C:\Program Files\Unity\Hub\Editor\2020.3.6f1\Editor\Unity.exe
-adb2
-batchMode
-noUpm
-name
AssetImportWorker0
-projectPath
C:/Users/kidco/Desktop/unity3d projects/repos/First Steps/CelticHistory
-logFile
Logs/AssetImportWorker0.log
-srvPort
63694
Successfully changed project path to: C:/Users/kidco/Desktop/unity3d projects/repos/First Steps/CelticHistory
C:/Users/kidco/Desktop/unity3d projects/repos/First Steps/CelticHistory
Using Asset Import Pipeline V2.
Refreshing native plugins compatible for Editor in 90.85 ms, found 0 plugins.
Preloading 0 native plugins for Editor in 0.00 ms.
Initialize engine version: 2020.3.6f1 (338bb68529b2)
[Subsystems] Discovering subsystems at path C:/Program Files/Unity/Hub/Editor/2020.3.6f1/Editor/Data/Resources/UnitySubsystems
[Subsystems] Discovering subsystems at path C:/Users/kidco/Desktop/unity3d projects/repos/First Steps/CelticHistory/Assets
GfxDevice: creating device client; threaded=0
Direct3D:
    Version:  Direct3D 11.0 [level 11.1]
    Renderer: Intel(R) Iris(R) Plus Graphics (ID=0x8a52)
    Vendor:   
    VRAM:     3983 MB
    Driver:   27.20.100.8783
Initialize mono
Mono path[0] = 'C:/Program Files/Unity/Hub/Editor/2020.3.6f1/Editor/Data/Managed'
Mono path[1] = 'C:/Program Files/Unity/Hub/Editor/2020.3.6f1/Editor/Data/MonoBleedingEdge/lib/mono/unityjit'
Mono config path = 'C:/Program Files/Unity/Hub/Editor/2020.3.6f1/Editor/Data/MonoBleedingEdge/etc'
Using monoOptions --debugger-agent=transport=dt_socket,embedding=1,server=y,suspend=n,address=127.0.0.1:56448
Begin MonoManager ReloadAssembly
Registering precompiled unity dll's ...
Register platform support module: C:/Program Files/Unity/Hub/Editor/2020.3.6f1/Editor/Data/PlaybackEngines/WebGLSupport/UnityEditor.WebGL.Extensions.dll
Register platform support module: C:/Program Files/Unity/Hub/Editor/2020.3.6f1/Editor/Data/PlaybackEngines/WindowsStandaloneSupport/UnityEditor.WindowsStandalone.Extensions.dll
Registered in 0.008285 seconds.
Native extension for WindowsStandalone target not found
Native extension for WebGL target not found
Refreshing native plugins compatible for Editor in 95.43 ms, found 0 plugins.
Preloading 0 native plugins for Editor in 0.00 ms.
Mono: successfully reloaded assembly
- Completed reload, in  3.357 seconds
Platform modules already initialized, skipping
Registering precompiled user dll's ...
Registered in 0.003733 seconds.
Begin MonoManager ReloadAssembly
Native extension for WindowsStandalone target not found
Native extension for WebGL target not found
Refreshing native plugins compatible for Editor in 0.69 ms, found 0 plugins.
Preloading 0 native plugins for Editor in 0.00 ms.
Mono: successfully reloaded assembly
- Completed reload, in  3.046 seconds
Platform modules already initialized, skipping
========================================================================
Worker process is ready to serve import requests
Launched and connected shader compiler UnityShaderCompiler.exe after 0.08 seconds
Refreshing native plugins compatible for Editor in 0.48 ms, found 0 plugins.
Preloading 0 native plugins for Editor in 0.00 ms.
Unloading 1654 Unused Serialized files (Serialized files now loaded: 0)
System memory in use before: 128.4 MB.
System memory in use after: 127.6 MB.

Unloading 26 unused Assets to reduce memory usage. Loaded Objects now: 2122.
Total: 3.451700 ms (FindLiveObjects: 0.408100 ms CreateObjectMapping: 0.119200 ms MarkObjects: 2.194300 ms  DeleteObjects: 0.727500 ms)

========================================================================
Received Import Request.
  path: Assets/Scripts/UIManager.cs
  artifactKey: Guid(d159b1c1a3671b24cb24776d0e556c39) Importer(815301076,1909f56bfc062723c751e8b465ee728b)
Start importing Assets/Scripts/UIManager.cs using Guid(d159b1c1a3671b24cb24776d0e556c39) Importer(815301076,1909f56bfc062723c751e8b465ee728b)  -> (artifact id: '023361d52f7847d4ddacb4ef52c58d0d') in 0.042111 seconds
  Import took 0.047023 seconds .

========================================================================
Received Import Request.
  Time since last request: 126.493333 seconds.
  path: Assets/Scripts/Checkpoint.cs
  artifactKey: Guid(0261dacad4f16934fbdf89c67be8bb2a) Importer(815301076,1909f56bfc062723c751e8b465ee728b)
Start importing Assets/Scripts/Checkpoint.cs using Guid(0261dacad4f16934fbdf89c67be8bb2a) Importer(815301076,1909f56bfc062723c751e8b465ee728b)  -> (artifact id: 'b8cc07f76a111e2200b67808bc618217') in 0.022258 seconds
  Import took 0.032773 seconds .

========================================================================
Received Import Request.
  Time since last request: 1262.248004 seconds.
  path: Assets/Scripts/CeltFacts.cs
  artifactKey: Guid(7285fab352b017c4686e638abda96b33) Importer(815301076,1909f56bfc062723c751e8b465ee728b)
Start importing Assets/Scripts/CeltFacts.cs using Guid(7285fab352b017c4686e638abda96b33) Importer(815301076,1909f56bfc062723c751e8b465ee728b)  -> (artifact id: '0d461c0b0c9507170801dd6a506936fa') in 0.018756 seconds
  Import took 0.023945 seconds .

========================================================================
Received Prepare
Registering precompiled user dll's ...
Registered in 0.001411 seconds.
Begin MonoManager ReloadAssembly
Native extension for WindowsStandalone target not found
Native extension for WebGL target not found
Refreshing native plugins compatible for Editor in 0.72 ms, found 0 plugins.
Preloading 0 native plugins for Editor in 0.00 ms.
Mono: successfully reloaded assembly
- Completed reload, in  1.279 seconds
Platform modules already initialized, skipping
Refreshing native plugins compatible for Editor in 0.52 ms, found 0 plugins.
Preloading 0 native plugins for Editor in 0.00 ms.
Unloading 1557 Unused Serialized files (Serialized files now loaded: 0)
System memory in use before: 119.3 MB.
System memory in use after: 118.5 MB.

Unloading 18 unused Assets to reduce memory usage. Loaded Objects now: 2126.
Total: 4.065900 ms (FindLiveObjects: 0.451100 ms CreateObjectMapping: 0.327300 ms MarkObjects: 2.624000 ms  DeleteObjects: 0.661400 ms)

========================================================================
Received Prepare
Registering precompiled user dll's ...
Registered in 0.002492 seconds.
Begin MonoManager ReloadAssembly
Native extension for WindowsStandalone target not found
Native extension for WebGL target not found
Refreshing native plugins compatible for Editor in 0.63 ms, found 0 plugins.
Preloading 0 native plugins for Editor in 0.00 ms.
Mono: successfully reloaded assembly
- Completed reload, in  1.147 seconds
Platform modules already initialized, skipping
Refreshing native plugins compatible for Editor in 0.52 ms, found 0 plugins.
Preloading 0 native plugins for Editor in 0.00 ms.
Unloading 1557 Unused Serialized files (Serialized files now loaded: 0)
System memory in use before: 119.4 MB.
System memory in use after: 118.5 MB.

Unloading 18 unused Assets to reduce memory usage. Loaded Objects now: 2129.
Total: 3.497900 ms (FindLiveObjects: 0.720700 ms CreateObjectMapping: 0.075600 ms MarkObjects: 1.862900 ms  DeleteObjects: 0.827100 ms)

========================================================================
Received Prepare
Registering precompiled user dll's ...
Registered in 0.001240 seconds.
Begin MonoManager ReloadAssembly
Native extension for WindowsStandalone target not found
Native extension for WebGL target not found
Refreshing native plugins compatible for Editor in 0.48 ms, found 0 plugins.
Preloading 0 native plugins for Editor in 0.00 ms.
Mono: successfully reloaded assembly
- Completed reload, in  1.053 seconds
Platform modules already initialized, skipping
Refreshing native plugins compatible for Editor in 0.42 ms, found 0 plugins.
Preloading 0 native plugins for Editor in 0.00 ms.
Unloading 1557 Unused Serialized files (Serialized files now loaded: 0)
System memory in use before: 119.4 MB.
System memory in use after: 118.6 MB.

Unloading 18 unused Assets to reduce memory usage. Loaded Objects now: 2132.
Total: 2.449500 ms (FindLiveObjects: 0.174200 ms CreateObjectMapping: 0.052600 ms MarkObjects: 1.583700 ms  DeleteObjects: 0.636200 ms)

========================================================================
Received Import Request.
  Time since last request: 1994.005263 seconds.
  path: Assets/Scripts/CeltFacts.cs
  artifactKey: Guid(7285fab352b017c4686e638abda96b33) Importer(815301076,1909f56bfc062723c751e8b465ee728b)
Start importing Assets/Scripts/CeltFacts.cs using Guid(7285fab352b017c4686e638abda96b33) Importer(815301076,1909f56bfc062723c751e8b465ee728b)  -> (artifact id: '3f63cdbf90b0459c830914c8d7e4c673') in 0.013340 seconds
  Import took 0.018236 seconds .

========================================================================
Received Prepare
Registering precompiled user dll's ...
Registered in 0.001354 seconds.
Begin MonoManager ReloadAssembly
Native extension for WindowsStandalone target not found
Native extension for WebGL target not found
Refreshing native plugins compatible for Editor in 0.66 ms, found 0 plugins.
Preloading 0 native plugins for Editor in 0.00 ms.
Mono: successfully reloaded assembly
- Completed reload, in  1.252 seconds
Platform modules already initialized, skipping
Refreshing native plugins compatible for Editor in 0.42 ms, found 0 plugins.
Preloading 0 native plugins for Editor in 0.00 ms.
Unloading 1557 Unused Serialized files (Serialized files now loaded: 0)
System memory in use before: 119.4 MB.
System memory in use after: 118.6 MB.

Unloading 18 unused Assets to reduce memory usage. Loaded Objects now: 2135.
Total: 2.825400 ms (FindLiveObjects: 0.162600 ms CreateObjectMapping: 0.043200 ms MarkObjects: 1.956700 ms  DeleteObjects: 0.660600 ms)

========================================================================
Received Prepare
Registering precompiled user dll's ...
Registered in 0.001184 seconds.
Begin MonoManager ReloadAssembly
Native extension for WindowsStandalone target not found
Native extension for WebGL target not found
Refreshing native plugins compatible for Editor in 0.90 ms, found 0 plugins.
Preloading 0 native plugins for Editor in 0.00 ms.
Mono: successfully reloaded assembly
- Completed reload, in  1.271 seconds
Platform modules already initialized, skipping
Refreshing native plugins compatible for Editor in 0.44 ms, found 0 plugins.
Preloading 0 native plugins for Editor in 0.00 ms.
Unloading 1557 Unused Serialized files (Serialized files now loaded: 0)
System memory in use before: 119.4 MB.
System memory in use after: 118.6 MB.

Unloading 18 unused Assets to reduce memory usage. Loaded Objects now: 2138.
Total: 3.532000 ms (FindLiveObjects: 0.253000 ms CreateObjectMapping: 0.096900 ms MarkObjects: 2.565400 ms  DeleteObjects: 0.614500 ms)

========================================================================
Received Prepare
Registering precompiled user dll's ...
Registered in 0.001170 seconds.
Begin MonoManager ReloadAssembly
Native extension for WindowsStandalone target not found
Native extension for WebGL target not found
Refreshing native plugins compatible for Editor in 0.59 ms, found 0 plugins.
Preloading 0 native plugins for Editor in 0.00 ms.
Mono: successfully reloaded assembly
- Completed reload, in  1.129 seconds
Platform modules already initialized, skipping
Refreshing native plugins compatible for Editor in 0.56 ms, found 0 plugins.
Preloading 0 native plugins for Editor in 0.00 ms.
Unloading 1557 Unused Serialized files (Serialized files now loaded: 0)
System memory in use before: 119.4 MB.
System memory in use after: 118.6 MB.

Unloading 18 unused Assets to reduce memory usage. Loaded Objects now: 2141.
Total: 2.383600 ms (FindLiveObjects: 0.198700 ms CreateObjectMapping: 0.071600 ms MarkObjects: 1.467900 ms  DeleteObjects: 0.643300 ms)

========================================================================
Received Prepare
Registering precompiled user dll's ...
Registered in 0.001546 seconds.
Begin MonoManager ReloadAssembly
Native extension for WindowsStandalone target not found
Native extension for WebGL target not found
Refreshing native plugins compatible for Editor in 0.58 ms, found 0 plugins.
Preloading 0 native plugins for Editor in 0.00 ms.
Mono: successfully reloaded assembly
- Completed reload, in  1.145 seconds
Platform modules already initialized, skipping
Refreshing native plugins compatible for Editor in 0.59 ms, found 0 plugins.
Preloading 0 native plugins for Editor in 0.00 ms.
Unloading 1557 Unused Serialized files (Serialized files now loaded: 0)
System memory in use before: 119.4 MB.
System memory in use after: 118.6 MB.

Unloading 18 unused Assets to reduce memory usage. Loaded Objects now: 2144.
Total: 3.120900 ms (FindLiveObjects: 0.188100 ms CreateObjectMapping: 0.053600 ms MarkObjects: 2.053400 ms  DeleteObjects: 0.823000 ms)

========================================================================
Received Prepare
Registering precompiled user dll's ...
Registered in 0.001214 seconds.
Begin MonoManager ReloadAssembly
Native extension for WindowsStandalone target not found
Native extension for WebGL target not found
Refreshing native plugins compatible for Editor in 0.55 ms, found 0 plugins.
Preloading 0 native plugins for Editor in 0.00 ms.
Mono: successfully reloaded assembly
- Completed reload, in  1.106 seconds
Platform modules already initialized, skipping
Refreshing native plugins compatible for Editor in 0.59 ms, found 0 plugins.
Preloading 0 native plugins for Editor in 0.00 ms.
Unloading 1557 Unused Serialized files (Serialized files now loaded: 0)
System memory in use before: 119.4 MB.
System memory in use after: 118.6 MB.

Unloading 18 unused Assets to reduce memory usage. Loaded Objects now: 2147.
Total: 2.394700 ms (FindLiveObjects: 0.173700 ms CreateObjectMapping: 0.060100 ms MarkObjects: 1.519200 ms  DeleteObjects: 0.639800 ms)

========================================================================
Received Prepare
Registering precompiled user dll's ...
Registered in 0.003899 seconds.
Begin MonoManager ReloadAssembly
Native extension for WindowsStandalone target not found
Native extension for WebGL target not found
Refreshing native plugins compatible for Editor in 0.52 ms, found 0 plugins.
Preloading 0 native plugins for Editor in 0.00 ms.
Mono: successfully reloaded assembly
- Completed reload, in  1.601 seconds
Platform modules already initialized, skipping
Refreshing native plugins compatible for Editor in 0.73 ms, found 0 plugins.
Preloading 0 native plugins for Editor in 0.00 ms.
Unloading 1557 Unused Serialized files (Serialized files now loaded: 0)
System memory in use before: 119.4 MB.
System memory in use after: 118.6 MB.

Unloading 18 unused Assets to reduce memory usage. Loaded Objects now: 2150.
Total: 3.940700 ms (FindLiveObjects: 0.305600 ms CreateObjectMapping: 0.105300 ms MarkObjects: 2.665200 ms  DeleteObjects: 0.861200 ms)

========================================================================
Received Prepare
Registering precompiled user dll's ...
Registered in 0.001589 seconds.
Begin MonoManager ReloadAssembly
Native extension for WindowsStandalone target not found
Native extension for WebGL target not found
Refreshing native plugins compatible for Editor in 0.82 ms, found 0 plugins.
Preloading 0 native plugins for Editor in 0.00 ms.
Mono: successfully reloaded assembly
- Completed reload, in  1.442 seconds
Platform modules already initialized, skipping
Refreshing native plugins compatible for Editor in 0.57 ms, found 0 plugins.
Preloading 0 native plugins for Editor in 0.00 ms.
Unloading 1557 Unused Serialized files (Serialized files now loaded: 0)
System memory in use before: 119.4 MB.
System memory in use after: 118.6 MB.

Unloading 18 unused Assets to reduce memory usage. Loaded Objects now: 2153.
Total: 5.309800 ms (FindLiveObjects: 0.458000 ms CreateObjectMapping: 0.200900 ms MarkObjects: 3.615400 ms  DeleteObjects: 1.031600 ms)

========================================================================
Received Prepare
Registering precompiled user dll's ...
Registered in 0.001250 seconds.
Begin MonoManager ReloadAssembly
Native extension for WindowsStandalone target not found
Native extension for WebGL target not found
Refreshing native plugins compatible for Editor in 0.51 ms, found 0 plugins.
Preloading 0 native plugins for Editor in 0.00 ms.
Mono: successfully reloaded assembly
- Completed reload, in  1.025 seconds
Platform modules already initialized, skipping
Refreshing native plugins compatible for Editor in 0.49 ms, found 0 plugins.
Preloading 0 native plugins for Editor in 0.00 ms.
Unloading 1557 Unused Serialized files (Serialized files now loaded: 0)
System memory in use before: 119.4 MB.
System memory in use after: 118.6 MB.

Unloading 18 unused Assets to reduce memory usage. Loaded Objects now: 2156.
Total: 2.698300 ms (FindLiveObjects: 0.227900 ms CreateObjectMapping: 0.068800 ms MarkObjects: 1.728500 ms  DeleteObjects: 0.671000 ms)

========================================================================
Received Import Request.
  Time since last request: 2971.877896 seconds.
  path: Assets/Samples/NewLayer.terrainlayer
  artifactKey: Guid(648519e174dda7045a8dc17662e3d4f5) Importer(815301076,1909f56bfc062723c751e8b465ee728b)
Start importing Assets/Samples/NewLayer.terrainlayer using Guid(648519e174dda7045a8dc17662e3d4f5) Importer(815301076,1909f56bfc062723c751e8b465ee728b)  -> (artifact id: 'b039550ebc3c637760b42a986074fa38') in 0.357649 seconds
  Import took 0.366805 seconds .

========================================================================
Received Prepare
Registering precompiled user dll's ...
Registered in 0.002701 seconds.
Begin MonoManager ReloadAssembly
Native extension for WindowsStandalone target not found
Native extension for WebGL target not found
Refreshing native plugins compatible for Editor in 0.40 ms, found 0 plugins.
Preloading 0 native plugins for Editor in 0.00 ms.
Mono: successfully reloaded assembly
- Completed reload, in  1.147 seconds
Platform modules already initialized, skipping
Refreshing native plugins compatible for Editor in 0.42 ms, found 0 plugins.
Preloading 0 native plugins for Editor in 0.00 ms.
Unloading 1557 Unused Serialized files (Serialized files now loaded: 0)
System memory in use before: 122.5 MB.
System memory in use after: 121.7 MB.

Unloading 18 unused Assets to reduce memory usage. Loaded Objects now: 2164.
Total: 2.347200 ms (FindLiveObjects: 0.164100 ms CreateObjectMapping: 0.047200 ms MarkObjects: 1.560800 ms  DeleteObjects: 0.573100 ms)

========================================================================
Received Prepare
Registering precompiled user dll's ...
Registered in 0.001752 seconds.
Begin MonoManager ReloadAssembly
Native extension for WindowsStandalone target not found
Native extension for WebGL target not found
Refreshing native plugins compatible for Editor in 0.54 ms, found 0 plugins.
Preloading 0 native plugins for Editor in 0.00 ms.
Mono: successfully reloaded assembly
- Completed reload, in  1.191 seconds
Platform modules already initialized, skipping
Refreshing native plugins compatible for Editor in 0.42 ms, found 0 plugins.
Preloading 0 native plugins for Editor in 0.00 ms.
Unloading 1557 Unused Serialized files (Serialized files now loaded: 0)
System memory in use before: 122.5 MB.
System memory in use after: 121.7 MB.

Unloading 18 unused Assets to reduce memory usage. Loaded Objects now: 2167.
Total: 2.961400 ms (FindLiveObjects: 0.248100 ms CreateObjectMapping: 0.086300 ms MarkObjects: 1.959000 ms  DeleteObjects: 0.665900 ms)

========================================================================
Received Prepare
Registering precompiled user dll's ...
Registered in 0.001265 seconds.
Begin MonoManager ReloadAssembly
Native extension for WindowsStandalone target not found
Native extension for WebGL target not found
Refreshing native plugins compatible for Editor in 1.11 ms, found 0 plugins.
Preloading 0 native plugins for Editor in 0.00 ms.
Mono: successfully reloaded assembly
- Completed reload, in  1.230 seconds
Platform modules already initialized, skipping
Refreshing native plugins compatible for Editor in 0.39 ms, found 0 plugins.
Preloading 0 native plugins for Editor in 0.00 ms.
Unloading 1557 Unused Serialized files (Serialized files now loaded: 0)
System memory in use before: 122.5 MB.
System memory in use after: 121.7 MB.

Unloading 18 unused Assets to reduce memory usage. Loaded Objects now: 2170.
Total: 3.620300 ms (FindLiveObjects: 0.381500 ms CreateObjectMapping: 0.083900 ms MarkObjects: 2.281500 ms  DeleteObjects: 0.870000 ms)

========================================================================
Received Prepare
Registering precompiled user dll's ...
Registered in 0.001960 seconds.
Begin MonoManager ReloadAssembly
Native extension for WindowsStandalone target not found
Native extension for WebGL target not found
Refreshing native plugins compatible for Editor in 1.16 ms, found 0 plugins.
Preloading 0 native plugins for Editor in 0.00 ms.
Mono: successfully reloaded assembly
- Completed reload, in  1.165 seconds
Platform modules already initialized, skipping
Refreshing native plugins compatible for Editor in 0.68 ms, found 0 plugins.
Preloading 0 native plugins for Editor in 0.00 ms.
Unloading 1557 Unused Serialized files (Serialized files now loaded: 0)
System memory in use before: 122.5 MB.
System memory in use after: 121.7 MB.

Unloading 18 unused Assets to reduce memory usage. Loaded Objects now: 2173.
Total: 2.680200 ms (FindLiveObjects: 0.280900 ms CreateObjectMapping: 0.056300 ms MarkObjects: 1.554700 ms  DeleteObjects: 0.786100 ms)

========================================================================
Received Import Request.
  Time since last request: 4034.618921 seconds.
  path: Assets/New Terrain.asset
  artifactKey: Guid(423ef4c4aba842147a9a20e2b4586e99) Importer(815301076,1909f56bfc062723c751e8b465ee728b)
Start importing Assets/New Terrain.asset using Guid(423ef4c4aba842147a9a20e2b4586e99) Importer(815301076,1909f56bfc062723c751e8b465ee728b)  -> (artifact id: 'f3bd9d08c948bb2d70992493bd4be461') in 0.391678 seconds
  Import took 0.402042 seconds .

========================================================================
Received Import Request.
  Time since last request: 24.079386 seconds.
  path: Assets/Scripts/CamController.cs
  artifactKey: Guid(30b19976b48ecb346bfd215e1aeab7b2) Importer(815301076,1909f56bfc062723c751e8b465ee728b)
Start importing Assets/Scripts/CamController.cs using Guid(30b19976b48ecb346bfd215e1aeab7b2) Importer(815301076,1909f56bfc062723c751e8b465ee728b)  -> (artifact id: 'ea3c4a23a15747ca2665c23487332e15') in 0.015626 seconds
  Import took 0.021767 seconds .

========================================================================
Received Import Request.
  Time since last request: 17.334328 seconds.
  path: Assets/Scripts/EnemyController.cs
  artifactKey: Guid(4537bc470d25c6947a90c4b8926b7ea0) Importer(815301076,1909f56bfc062723c751e8b465ee728b)
Start importing Assets/Scripts/EnemyController.cs using Guid(4537bc470d25c6947a90c4b8926b7ea0) Importer(815301076,1909f56bfc062723c751e8b465ee728b)  -> (artifact id: 'cf6c4dc51bda1419c2a790f376b3bd3b') in 0.017294 seconds
  Import took 0.023246 seconds .

========================================================================
Received Import Request.
  Time since last request: 113.829645 seconds.
  path: Assets/Scripts/playerController.cs
  artifactKey: Guid(89f6d9e1d5e713044b6ab43db4f07139) Importer(815301076,1909f56bfc062723c751e8b465ee728b)
Start importing Assets/Scripts/playerController.cs using Guid(89f6d9e1d5e713044b6ab43db4f07139) Importer(815301076,1909f56bfc062723c751e8b465ee728b)  -> (artifact id: 'dff3a05169d65a6927a25d1a36e0daa6') in 0.016054 seconds
  Import took 0.022444 seconds .

========================================================================
Received Prepare
Registering precompiled user dll's ...
Registered in 0.011900 seconds.
Begin MonoManager ReloadAssembly
Native extension for WindowsStandalone target not found
Native extension for WebGL target not found
Refreshing native plugins compatible for Editor in 2.99 ms, found 0 plugins.
Preloading 0 native plugins for Editor in 0.00 ms.
Mono: successfully reloaded assembly
- Completed reload, in  6.916 seconds
Platform modules already initialized, skipping
Refreshing native plugins compatible for Editor in 5.09 ms, found 0 plugins.
Preloading 0 native plugins for Editor in 0.00 ms.
Unloading 1557 Unused Serialized files (Serialized files now loaded: 0)
System memory in use before: 122.5 MB.
System memory in use after: 121.7 MB.

Unloading 18 unused Assets to reduce memory usage. Loaded Objects now: 2176.
Total: 8.823900 ms (FindLiveObjects: 0.629700 ms CreateObjectMapping: 0.174000 ms MarkObjects: 5.587800 ms  DeleteObjects: 2.417700 ms)

========================================================================
Received Import Request.
  Time since last request: 1959.669927 seconds.
  path: Assets/Scenes/Test1.unity
  artifactKey: Guid(84258b1b478346949be10828f6535a81) Importer(815301076,1909f56bfc062723c751e8b465ee728b)
Start importing Assets/Scenes/Test1.unity using Guid(84258b1b478346949be10828f6535a81) Importer(815301076,1909f56bfc062723c751e8b465ee728b)  -> (artifact id: '949c0078b12ffc250e25183fa79ce99b') in 0.046651 seconds
  Import took 0.056814 seconds .

========================================================================
Received Import Request.
  Time since last request: 0.529193 seconds.
  path: Assets/Scenes/Test1.unity
  artifactKey: Guid(84258b1b478346949be10828f6535a81) Importer(815301076,1909f56bfc062723c751e8b465ee728b)
Start importing Assets/Scenes/Test1.unity using Guid(84258b1b478346949be10828f6535a81) Importer(815301076,1909f56bfc062723c751e8b465ee728b)  -> (artifact id: '949c0078b12ffc250e25183fa79ce99b') in 0.003943 seconds
  Import took 0.009072 seconds .

========================================================================
Received Prepare
Registering precompiled user dll's ...
Registered in 0.009299 seconds.
Begin MonoManager ReloadAssembly
Native extension for WindowsStandalone target not found
Native extension for WebGL target not found
Refreshing native plugins compatible for Editor in 3.97 ms, found 0 plugins.
Preloading 0 native plugins for Editor in 0.00 ms.
Mono: successfully reloaded assembly
- Completed reload, in  3.162 seconds
Platform modules already initialized, skipping
Refreshing native plugins compatible for Editor in 1.08 ms, found 0 plugins.
Preloading 0 native plugins for Editor in 0.00 ms.
Unloading 1557 Unused Serialized files (Serialized files now loaded: 0)
System memory in use before: 122.6 MB.
System memory in use after: 121.7 MB.

Unloading 18 unused Assets to reduce memory usage. Loaded Objects now: 2179.
Total: 15.825100 ms (FindLiveObjects: 1.904400 ms CreateObjectMapping: 0.371000 ms MarkObjects: 6.339900 ms  DeleteObjects: 7.164400 ms)

========================================================================
Received Import Request.
  Time since last request: 758.631293 seconds.
  path: Assets/Scripts/GameManager.cs
  artifactKey: Guid(40224fda4fca63c4ab4a945ea1bdf7ca) Importer(815301076,1909f56bfc062723c751e8b465ee728b)
Start importing Assets/Scripts/GameManager.cs using Guid(40224fda4fca63c4ab4a945ea1bdf7ca) Importer(815301076,1909f56bfc062723c751e8b465ee728b)  -> (artifact id: '396df8b97a10ef964380116cfe93d734') in 0.033903 seconds
  Import took 0.039874 seconds .

AssetImportWorkerClient::OnTransportError - code=2 error=End of file
